<?xml version="1.0" encoding="UTF-8"?>
<!-- Generated by org.testng.reporters.JUnitReportReporter -->
<testsuite hostname="LTSIPL018" failures="0" tests="1" name="MyPackage.TestNGDemo" time="30.552" errors="0" timestamp="02 May 2018 11:02:36 GMT" skipped="0">
  <testcase classname="MyPackage.TestNGDemo" name="VerifyPageTitle" time="30.552"/>
</testsuite> <!-- MyPackage.TestNGDemo -->
