<?xml version="1.0" encoding="UTF-8"?>
<!-- Generated by org.testng.reporters.JUnitReportReporter -->
<testsuite hostname="LTSIPL018" failures="0" tests="1" name="MyPackage.AlertTestClass" time="35.578" errors="0" timestamp="02 May 2018 11:38:48 GMT" skipped="0">
  <testcase classname="MyPackage.AlertTestClass" name="VerifyPageTitle" time="35.578"/>
</testsuite> <!-- MyPackage.AlertTestClass -->
