<?xml version="1.0" encoding="UTF-8"?>
<!-- Generated by org.testng.reporters.JUnitReportReporter -->
<testsuite hostname="LTSIPL018" failures="0" tests="1" name="MyPackage.PopupTestClass" time="68.227" errors="0" timestamp="02 May 2018 12:28:39 GMT" skipped="0">
  <testcase classname="MyPackage.PopupTestClass" name="TestWindowPopups" time="68.227"/>
</testsuite> <!-- MyPackage.PopupTestClass -->
