<?xml version="1.0" encoding="UTF-8"?>
<!-- Generated by org.testng.reporters.JUnitReportReporter -->
<testsuite hostname="LTSIPL018" failures="0" tests="1" name="MyPackage.SearchMMT" time="27.997" errors="0" timestamp="19 Apr 2018 10:22:30 GMT" skipped="0">
  <testcase classname="MyPackage.SearchMMT" name="Flight_search" time="27.997"/>
</testsuite> <!-- MyPackage.SearchMMT -->
